<?xml version="1.0" encoding="UTF-8"?>
<testsuite xmlns:xsi="http://www.w3.org/2001/XMLSchema-instance" xsi:noNamespaceSchemaLocation="https://maven.apache.org/surefire/maven-surefire-plugin/xsd/surefire-test-report-3.0.xsd" version="3.0" name="com.example.springboot.SpringbootHibernateApplicationTests" time="3.722" tests="9" errors="9" skipped="0" failures="0">
  <properties>
[...]
</properties>
  <testcase name="addInvalidBookWithoutAuthorsTest" classname="com.example.springboot.SpringbootHibernateApplicationTests" time="0.089">
    <error type="java.lang.NullPointerException"><![CDATA[java.lang.NullPointerException: Cannot invoke "org.springframework.test.web.servlet.MockMvc.perform(org.springframework.test.web.servlet.RequestBuilder)" because "this.mockMvc" is null
	at com.example.springboot.SpringbootHibernateApplicationTests.addInvalidBookWithoutAuthorsTest(SpringbootHibernateApplicationTests.java:156)
]]></error>
    <system-out><![CDATA[00:43:37.530 [main] DEBUG org.springframework.test.context.BootstrapUtils - Instantiating CacheAwareContextLoaderDelegate from class [org.springframework.test.context.cache.DefaultCacheAwareContextLoaderDelegate]
00:43:37.537 [main] DEBUG org.springframework.test.context.BootstrapUtils - Instantiating BootstrapContext using constructor [public org.springframework.test.context.support.DefaultBootstrapContext(java.lang.Class,org.springframework.test.context.CacheAwareContextLoaderDelegate)]
00:43:37.568 [main] DEBUG org.springframework.test.context.BootstrapUtils - Instantiating TestContextBootstrapper for test class [com.example.springboot.SpringbootHibernateApplicationTests] from class [org.springframework.boot.test.context.SpringBootTestContextBootstrapper]
00:43:37.576 [main] INFO org.springframework.boot.test.context.SpringBootTestContextBootstrapper - Neither @ContextConfiguration nor @ContextHierarchy found for test class [com.example.springboot.SpringbootHibernateApplicationTests], using SpringBootContextLoader
00:43:37.579 [main] DEBUG org.springframework.test.context.support.AbstractContextLoader - Did not detect default resource location for test class [com.example.springboot.SpringbootHibernateApplicationTests]: class path resource [com/example/springboot/SpringbootHibernateApplicationTests-context.xml] does not exist
00:43:37.579 [main] DEBUG org.springframework.test.context.support.AbstractContextLoader - Did not detect default resource location for test class [com.example.springboot.SpringbootHibernateApplicationTests]: class path resource [com/example/springboot/SpringbootHibernateApplicationTestsContext.groovy] does not exist
00:43:37.579 [main] INFO org.springframework.test.context.support.AbstractContextLoader - Could not detect default resource locations for test class [com.example.springboot.SpringbootHibernateApplicationTests]: no resource found for suffixes {-context.xml, Context.groovy}.
00:43:37.611 [main] DEBUG org.springframework.test.context.support.ActiveProfilesUtils - Could not find an 'annotation declaring class' for annotation type [org.springframework.test.context.ActiveProfiles] and class [com.example.springboot.SpringbootHibernateApplicationTests]
00:43:37.702 [main] DEBUG org.springframework.boot.test.context.SpringBootTestContextBootstrapper - @TestExecutionListeners is not present for class [com.example.springboot.SpringbootHibernateApplicationTests]: using defaults.
00:43:37.703 [main] INFO org.springframework.boot.test.context.SpringBootTestContextBootstrapper - Loaded default TestExecutionListener class names from location [META-INF/spring.factories]: [org.springframework.boot.test.mock.mockito.MockitoTestExecutionListener, org.springframework.boot.test.mock.mockito.ResetMocksTestExecutionListener, org.springframework.boot.test.autoconfigure.restdocs.RestDocsTestExecutionListener, org.springframework.boot.test.autoconfigure.web.client.MockRestServiceServerResetTestExecutionListener, org.springframework.boot.test.autoconfigure.web.servlet.MockMvcPrintOnlyOnFailureTestExecutionListener, org.springframework.boot.test.autoconfigure.web.servlet.WebDriverTestExecutionListener, org.springframework.boot.test.autoconfigure.webservices.client.MockWebServiceServerTestExecutionListener, org.springframework.test.context.web.ServletTestExecutionListener, org.springframework.test.context.support.DirtiesContextBeforeModesTestExecutionListener, org.springframework.test.context.event.ApplicationEventsTestExecutionListener, org.springframework.test.context.support.DependencyInjectionTestExecutionListener, org.springframework.test.context.support.DirtiesContextTestExecutionListener, org.springframework.test.context.transaction.TransactionalTestExecutionListener, org.springframework.test.context.jdbc.SqlScriptsTestExecutionListener, org.springframework.test.context.event.EventPublishingTestExecutionListener]
00:43:37.715 [main] INFO org.springframework.boot.test.context.SpringBootTestContextBootstrapper - Using TestExecutionListeners: [org.springframework.test.context.web.ServletTestExecutionListener@c9d0d6, org.springframework.test.context.support.DirtiesContextBeforeModesTestExecutionListener@6ccdb29f, org.springframework.test.context.event.ApplicationEventsTestExecutionListener@3adcc812, org.springframework.boot.test.mock.mockito.MockitoTestExecutionListener@35432107, org.springframework.boot.test.autoconfigure.SpringBootDependencyInjectionTestExecutionListener@7b420819, org.springframework.test.context.support.DirtiesContextTestExecutionListener@7a1a14a4, org.springframework.test.context.transaction.TransactionalTestExecutionListener@265adfad, org.springframework.test.context.jdbc.SqlScriptsTestExecutionListener@a3d9978, org.springframework.test.context.event.EventPublishingTestExecutionListener@61544ae6, org.springframework.boot.test.mock.mockito.ResetMocksTestExecutionListener@4b41dd5c, org.springframework.boot.test.autoconfigure.restdocs.RestDocsTestExecutionListener@3b96c42e, org.springframework.boot.test.autoconfigure.web.client.MockRestServiceServerResetTestExecutionListener@5d066c7d, org.springframework.boot.test.autoconfigure.web.servlet.MockMvcPrintOnlyOnFailureTestExecutionListener@1e461e41, org.springframework.boot.test.autoconfigure.web.servlet.WebDriverTestExecutionListener@5ba88be8, org.springframework.boot.test.autoconfigure.webservices.client.MockWebServiceServerTestExecutionListener@56928307]
00:43:37.718 [main] DEBUG org.springframework.test.context.support.AbstractDirtiesContextTestExecutionListener - Before test class: context [DefaultTestContext@4c1f22f3 testClass = SpringbootHibernateApplicationTests, testInstance = [null], testMethod = [null], testException = [null], mergedContextConfiguration = [WebMergedContextConfiguration@598bd2ba testClass = SpringbootHibernateApplicationTests, locations = '{}', classes = '{class com.example.springboot.SpringbootHibernateApplication}', contextInitializerClasses = '[]', activeProfiles = '{}', propertySourceLocations = '{}', propertySourceProperties = '{org.springframework.boot.test.context.SpringBootTestContextBootstrapper=true}', contextCustomizers = set[org.springframework.boot.test.context.filter.ExcludeFilterContextCustomizer@248e319b, org.springframework.boot.test.json.DuplicateJsonObjectContextCustomizerFactory$DuplicateJsonObjectContextCustomizer@3e8c3cb, org.springframework.boot.test.mock.mockito.MockitoContextCustomizer@0, org.springframework.boot.test.web.client.TestRestTemplateContextCustomizer@cb0755b, org.springframework.boot.test.autoconfigure.actuate.metrics.MetricsExportContextCustomizerFactory$DisableMetricExportContextCustomizer@4c60d6e9, org.springframework.boot.test.autoconfigure.properties.PropertyMappingContextCustomizer@0, org.springframework.boot.test.autoconfigure.web.servlet.WebDriverContextCustomizerFactory$Customizer@48bb62, org.springframework.boot.test.context.SpringBootTestArgs@1, org.springframework.boot.test.context.SpringBootTestWebEnvironment@4b9e255], resourceBasePath = 'src/main/webapp', contextLoader = 'org.springframework.boot.test.context.SpringBootContextLoader', parent = [null]], attributes = map['org.springframework.test.context.web.ServletTestExecutionListener.activateListener' -> true]], class annotated with @DirtiesContext [false] with mode [null].

  .   ____          _            __ _ _
 /\\ / ___'_ __ _ _(_)_ __  __ _ \ \ \ \
( ( )\___ | '_ | '_| | '_ \/ _` | \ \ \ \
 \\/  ___)| |_)| | | | | || (_| |  ) ) ) )
  '  |____| .__|_| |_|_| |_\__, | / / / /
 =========|_|==============|___/=/_/_/_/
 :: Spring Boot ::                (v2.6.3)

2023-04-02 00:43:37.964  INFO 2276 --- [           main] .e.s.SpringbootHibernateApplicationTests : Starting SpringbootHibernateApplicationTests using Java 19.0.2 on DESKTOP-RP9KNGS with PID 2276 (started by slava in C:\Users\slava\IdeaProjects\TRITPO\projects\spring)
2023-04-02 00:43:37.965  INFO 2276 --- [           main] .e.s.SpringbootHibernateApplicationTests : No active profile set, falling back to default profiles: default
2023-04-02 00:43:38.474  INFO 2276 --- [           main] .s.d.r.c.RepositoryConfigurationDelegate : Bootstrapping Spring Data JPA repositories in DEFAULT mode.
2023-04-02 00:43:38.526  INFO 2276 --- [           main] .s.d.r.c.RepositoryConfigurationDelegate : Finished Spring Data repository scanning in 45 ms. Found 3 JPA repository interfaces.
2023-04-02 00:43:38.944  INFO 2276 --- [           main] o.hibernate.jpa.internal.util.LogHelper  : HHH000204: Processing PersistenceUnitInfo [name: default]
2023-04-02 00:43:38.987  INFO 2276 --- [           main] org.hibernate.Version                    : HHH000412: Hibernate ORM core version 5.6.4.Final
2023-04-02 00:43:39.120  INFO 2276 --- [           main] o.hibernate.annotations.common.Version   : HCANN000001: Hibernate Commons Annotations {5.1.2.Final}
2023-04-02 00:43:39.238  INFO 2276 --- [           main] com.zaxxer.hikari.HikariDataSource       : HikariPool-1 - Starting...
2023-04-02 00:43:39.395  INFO 2276 --- [           main] com.zaxxer.hikari.HikariDataSource       : HikariPool-1 - Start completed.
2023-04-02 00:43:39.429  INFO 2276 --- [           main] org.hibernate.dialect.Dialect            : HHH000400: Using dialect: org.hibernate.dialect.PostgreSQL10Dialect
2023-04-02 00:43:40.008  INFO 2276 --- [           main] o.h.e.t.j.p.i.JtaPlatformInitiator       : HHH000490: Using JtaPlatform implementation: [org.hibernate.engine.transaction.jta.platform.internal.NoJtaPlatform]
2023-04-02 00:43:40.015  INFO 2276 --- [           main] j.LocalContainerEntityManagerFactoryBean : Initialized JPA EntityManagerFactory for persistence unit 'default'
2023-04-02 00:43:40.515  WARN 2276 --- [           main] JpaBaseConfiguration$JpaWebConfiguration : spring.jpa.open-in-view is enabled by default. Therefore, database queries may be performed during view rendering. Explicitly configure spring.jpa.open-in-view to disable this warning
2023-04-02 00:43:40.929  INFO 2276 --- [           main] .e.s.SpringbootHibernateApplicationTests : Started SpringbootHibernateApplicationTests in 3.182 seconds (JVM running for 3.957)
]]></system-out>
  </testcase>
  <testcase name="addInvalidBookWithoutGenreTest" classname="com.example.springboot.SpringbootHibernateApplicationTests" time="0.003">
    <error type="java.lang.NullPointerException"><![CDATA[java.lang.NullPointerException: Cannot invoke "org.springframework.test.web.servlet.MockMvc.perform(org.springframework.test.web.servlet.RequestBuilder)" because "this.mockMvc" is null
	at com.example.springboot.SpringbootHibernateApplicationTests.addInvalidBookWithoutGenreTest(SpringbootHibernateApplicationTests.java:144)
]]></error>
  </testcase>
  <testcase name="addInvalidBookWithoutNameTest" classname="com.example.springboot.SpringbootHibernateApplicationTests" time="0.003">
    <error type="java.lang.NullPointerException"><![CDATA[java.lang.NullPointerException: Cannot invoke "org.springframework.test.web.servlet.MockMvc.perform(org.springframework.test.web.servlet.RequestBuilder)" because "this.mockMvc" is null
	at com.example.springboot.SpringbootHibernateApplicationTests.addInvalidBookWithoutNameTest(SpringbootHibernateApplicationTests.java:125)
]]></error>
  </testcase>
  <testcase name="getAllAuthorsTest" classname="com.example.springboot.SpringbootHibernateApplicationTests" time="0.001">
    <error type="java.lang.NullPointerException"><![CDATA[java.lang.NullPointerException: Cannot invoke "org.springframework.test.web.servlet.MockMvc.perform(org.springframework.test.web.servlet.RequestBuilder)" because "this.mockMvc" is null
	at com.example.springboot.SpringbootHibernateApplicationTests.getAllAuthorsTest(SpringbootHibernateApplicationTests.java:78)
]]></error>
  </testcase>
  <testcase name="getBook" classname="com.example.springboot.SpringbootHibernateApplicationTests" time="0.132">
    <error type="org.springframework.dao.InvalidDataAccessApiUsageException"><![CDATA[org.springframework.dao.InvalidDataAccessApiUsageException: detached entity passed to persist: com.example.springboot.Model.Genre; nested exception is org.hibernate.PersistentObjectException: detached entity passed to persist: com.example.springboot.Model.Genre
	at com.example.springboot.SpringbootHibernateApplicationTests.getBook(SpringbootHibernateApplicationTests.java:201)
Caused by: org.hibernate.PersistentObjectException: detached entity passed to persist: com.example.springboot.Model.Genre
	at com.example.springboot.SpringbootHibernateApplicationTests.getBook(SpringbootHibernateApplicationTests.java:201)
]]></error>
    <system-out><![CDATA[2023-04-02 00:43:41.048  INFO 2276 --- [           main] c.e.s.Controller.BookController          : Service accessed 1 times
Hibernate: select genre0_.g_id as g_id1_3_, genre0_.g_name as g_name2_3_ from genres genre0_ where genre0_.g_name=?
Hibernate: select author0_.a_id as a_id1_0_, author0_.a_name as a_name2_0_ from authors author0_ where author0_.a_name=?
Hibernate: select author0_.a_id as a_id1_0_, author0_.a_name as a_name2_0_ from authors author0_ where author0_.a_name=?
Hibernate: select author0_.a_id as a_id1_0_, author0_.a_name as a_name2_0_ from authors author0_ where author0_.a_name=?
]]></system-out>
  </testcase>
  <testcase name="deleteBookTest" classname="com.example.springboot.SpringbootHibernateApplicationTests" time="0.009">
    <error type="org.springframework.dao.InvalidDataAccessApiUsageException"><![CDATA[org.springframework.dao.InvalidDataAccessApiUsageException: detached entity passed to persist: com.example.springboot.Model.Genre; nested exception is org.hibernate.PersistentObjectException: detached entity passed to persist: com.example.springboot.Model.Genre
	at com.example.springboot.SpringbootHibernateApplicationTests.deleteBookTest(SpringbootHibernateApplicationTests.java:179)
Caused by: org.hibernate.PersistentObjectException: detached entity passed to persist: com.example.springboot.Model.Genre
	at com.example.springboot.SpringbootHibernateApplicationTests.deleteBookTest(SpringbootHibernateApplicationTests.java:179)
]]></error>
    <system-out><![CDATA[2023-04-02 00:43:41.180  INFO 2276 --- [           main] c.e.s.Controller.BookController          : Service accessed 2 times
Hibernate: select genre0_.g_id as g_id1_3_, genre0_.g_name as g_name2_3_ from genres genre0_ where genre0_.g_name=?
Hibernate: select author0_.a_id as a_id1_0_, author0_.a_name as a_name2_0_ from authors author0_ where author0_.a_name=?
Hibernate: select author0_.a_id as a_id1_0_, author0_.a_name as a_name2_0_ from authors author0_ where author0_.a_name=?
Hibernate: select author0_.a_id as a_id1_0_, author0_.a_name as a_name2_0_ from authors author0_ where author0_.a_name=?
]]></system-out>
  </testcase>
  <testcase name="getAllBooksTest" classname="com.example.springboot.SpringbootHibernateApplicationTests" time="0.002">
    <error type="java.lang.NullPointerException"><![CDATA[java.lang.NullPointerException: Cannot invoke "org.springframework.test.web.servlet.MockMvc.perform(org.springframework.test.web.servlet.RequestBuilder)" because "this.mockMvc" is null
	at com.example.springboot.SpringbootHibernateApplicationTests.getAllBooksTest(SpringbootHibernateApplicationTests.java:63)
]]></error>
  </testcase>
  <testcase name="addBookTest" classname="com.example.springboot.SpringbootHibernateApplicationTests" time="0.004">
    <error type="java.lang.NullPointerException"><![CDATA[java.lang.NullPointerException: Cannot invoke "org.springframework.test.web.servlet.MockMvc.perform(org.springframework.test.web.servlet.RequestBuilder)" because "this.mockMvc" is null
	at com.example.springboot.SpringbootHibernateApplicationTests.addBookTest(SpringbootHibernateApplicationTests.java:106)
]]></error>
  </testcase>
  <testcase name="getAllGenresTest" classname="com.example.springboot.SpringbootHibernateApplicationTests" time="0.003">
    <error type="java.lang.NullPointerException"><![CDATA[java.lang.NullPointerException: Cannot invoke "org.springframework.test.web.servlet.MockMvc.perform(org.springframework.test.web.servlet.RequestBuilder)" because "this.mockMvc" is null
	at com.example.springboot.SpringbootHibernateApplicationTests.getAllGenresTest(SpringbootHibernateApplicationTests.java:85)
]]></error>
  </testcase>
</testsuite>